<!DOCTYPE suite SYSTEM "https://testng.org/testng-1.0.dtd" >
<suite name="test-suite">
    
    <test name="test1">
        <classes>
            <class name="TestClazz">
                <methods>
                    <include name="test1"/>
                </methods>
            </class>
        </classes>
    </test>

    <test name="test2">
        <classes>
            <class name="TestClazz">
                <methods>
                    <include name="test2"/>
                </methods>
            </class>
        </classes>
    </test>
</suite>